[14:44:33] [Datafixer Bootstrap/INFO]: 180 Datafixer optimizations took 143 milliseconds
[14:44:34] [Render thread/INFO]: Environment: authHost='https://authserver.mojang.com', accountsHost='https://api.mojang.com', sessionHost='https://sessionserver.mojang.com', servicesHost='https://api.minecraftservices.com', name='PROD'
[14:44:34] [Render thread/ERROR]: Failed to verify authentication
com.mojang.authlib.exceptions.InvalidCredentialsException: Status: 401
	at com.mojang.authlib.exceptions.MinecraftClientHttpException.toAuthenticationException(MinecraftClientHttpException.java:56) ~[authlib-3.18.38.jar:?]
	at com.mojang.authlib.yggdrasil.YggdrasilUserApiService.fetchProperties(YggdrasilUserApiService.java:156) ~[authlib-3.18.38.jar:?]
	at com.mojang.authlib.yggdrasil.YggdrasilUserApiService.<init>(YggdrasilUserApiService.java:55) ~[authlib-3.18.38.jar:?]
	at com.mojang.authlib.yggdrasil.YggdrasilAuthenticationService.createUserApiService(YggdrasilAuthenticationService.java:161) ~[authlib-3.18.38.jar:?]
	at emh.a(SourceFile:732) ~[1.19.4.jar:?]
	at emh.<init>(SourceFile:440) ~[1.19.4.jar:?]
	at net.minecraft.client.main.Main.main(SourceFile:198) ~[1.19.4.jar:?]
Caused by: com.mojang.authlib.exceptions.MinecraftClientHttpException: Status: 401
	at com.mojang.authlib.minecraft.client.MinecraftClient.readInputStream(MinecraftClient.java:87) ~[authlib-3.18.38.jar:?]
	at com.mojang.authlib.minecraft.client.MinecraftClient.get(MinecraftClient.java:48) ~[authlib-3.18.38.jar:?]
	at com.mojang.authlib.yggdrasil.YggdrasilUserApiService.fetchProperties(YggdrasilUserApiService.java:129) ~[authlib-3.18.38.jar:?]
	... 5 more
[14:44:34] [Render thread/INFO]: Setting user: Dams4LT
[14:44:34] [Render thread/INFO]: Backend library: LWJGL version 3.3.1 build 7
[14:44:35] [Render thread/WARN]: ERROR : Couldn't load Narrator library
java.lang.UnsatisfiedLinkError: libflite.so.1: cannot open shared object file: No such file or directory
	at com.sun.jna.Native.open(Native Method) ~[jna-5.12.1.jar:5.12.1 (b0)]
	at com.sun.jna.NativeLibrary.loadLibrary(NativeLibrary.java:283) ~[jna-5.12.1.jar:5.12.1 (b0)]
	at com.sun.jna.NativeLibrary.getInstance(NativeLibrary.java:467) ~[jna-5.12.1.jar:5.12.1 (b0)]
	at com.sun.jna.NativeLibrary.getInstance(NativeLibrary.java:409) ~[jna-5.12.1.jar:5.12.1 (b0)]
	at com.mojang.text2speech.NarratorLinux.<clinit>(NarratorLinux.java:18) ~[text2speech-1.13.9.jar:?]
	at com.mojang.text2speech.Narrator.getNarrator(Narrator.java:21) ~[text2speech-1.13.9.jar:?]
	at elz.<init>(SourceFile:17) ~[1.19.4.jar:?]
	at emh.<init>(SourceFile:647) ~[1.19.4.jar:?]
	at net.minecraft.client.main.Main.main(SourceFile:198) ~[1.19.4.jar:?]
[14:44:35] [Render thread/INFO]: Reloading ResourceManager: vanilla
[14:44:36] [Realms Notification Availability checker #1/INFO]: Could not authorize you against Realms server: Invalid session id
[14:44:37] [Render thread/WARN]: Missing sound for event: minecraft:item.brush.brushing
[14:44:37] [Render thread/WARN]: Missing sound for event: minecraft:item.brush.brush_sand_completed
[14:44:37] [Render thread/WARN]: Missing sound for event: minecraft:item.goat_horn.play
[14:44:37] [Render thread/WARN]: Missing sound for event: minecraft:entity.goat.screaming.horn_break
[14:44:37] [Render thread/WARN]: Missing sound for event: minecraft:music.overworld.cherry_grove
[14:44:37] [Render thread/INFO]: OpenAL initialized on device JACK Default
[14:44:37] [Render thread/INFO]: Sound engine started
[14:44:38] [Render thread/INFO]: Created: 1024x512x4 minecraft:textures/atlas/blocks.png-atlas
[14:44:38] [Render thread/INFO]: Created: 256x256x4 minecraft:textures/atlas/signs.png-atlas
[14:44:38] [Render thread/INFO]: Created: 512x512x4 minecraft:textures/atlas/banner_patterns.png-atlas
[14:44:38] [Render thread/INFO]: Created: 512x512x4 minecraft:textures/atlas/shield_patterns.png-atlas
[14:44:38] [Render thread/INFO]: Created: 1024x1024x4 minecraft:textures/atlas/armor_trims.png-atlas
[14:44:38] [Render thread/INFO]: Created: 256x256x4 minecraft:textures/atlas/chest.png-atlas
[14:44:38] [Render thread/INFO]: Created: 64x64x4 minecraft:textures/atlas/decorated_pot.png-atlas
[14:44:38] [Render thread/INFO]: Created: 512x256x4 minecraft:textures/atlas/beds.png-atlas
[14:44:38] [Render thread/INFO]: Created: 512x256x4 minecraft:textures/atlas/shulker_boxes.png-atlas
[14:44:38] [Render thread/WARN]: Shader rendertype_entity_translucent_emissive could not find sampler named Sampler2 in the specified shader program.
[14:44:38] [Render thread/INFO]: Created: 256x256x0 minecraft:textures/atlas/particles.png-atlas
[14:44:38] [Render thread/INFO]: Created: 256x256x0 minecraft:textures/atlas/paintings.png-atlas
[14:44:38] [Render thread/INFO]: Created: 128x128x0 minecraft:textures/atlas/mob_effects.png-atlas
[14:44:42] [Render thread/INFO]: Stopping!
[14:44:42] [Render thread/ERROR]: Unqueue buffers: Invalid name parameter.
